# JRE version: Java(TM) SE Runtime Environment (8.0_131-b11) (build 1.8.0_131-b11)
# Java VM: Java HotSpot(TM) 64-Bit Server VM (25.131-b11 mixed mode windows-amd64 compressed oops)
Heap:
 PSYoungGen      total 396800K, used 162916K [0x00000000e0000000, 0x00000000ff800000, 0x0000000100000000)
  eden space 288768K, 53% used [0x00000000e0000000,0x00000000e97e0458,0x00000000f1a00000)
  from space 108032K, 6% used [0x00000000f8e80000,0x00000000f95b8ec0,0x00000000ff800000)
  to   space 113664K, 0% used [0x00000000f1a00000,0x00000000f1a00000,0x00000000f8900000)
 ParOldGen       total 469504K, used 288936K [0x00000000a0000000, 0x00000000bca80000, 0x00000000e0000000)
  object space 469504K, 61% used [0x00000000a0000000,0x00000000b1a2a1e0,0x00000000bca80000)
 Metaspace       used 104932K, capacity 108528K, committed 108800K, reserved 1142784K
  class space    used 13772K, capacity 14551K, committed 14592K, reserved 1048576K
GC Heap History (10 events):
Event: 81.244 GC heap before
{Heap before GC invocations=23 (full 4):
 PSYoungGen      total 265728K, used 265705K [0x00000000e0000000, 0x00000000fac80000, 0x0000000100000000)
  eden space 219648K, 100% used [0x00000000e0000000,0x00000000ed680000,0x00000000ed680000)
  from space 46080K, 99% used [0x00000000f2600000,0x00000000f52fa540,0x00000000f5300000)
  to   space 81408K, 0% used [0x00000000ed680000,0x00000000ed680000,0x00000000f2600000)
 ParOldGen       total 285696K, used 203779K [0x00000000a0000000, 0x00000000b1700000, 0x00000000e0000000)
  object space 285696K, 71% used [0x00000000a0000000,0x00000000ac700c28,0x00000000b1700000)
 Metaspace       used 94936K, capacity 97470K, committed 97792K, reserved 1134592K
  class space    used 12448K, capacity 13054K, committed 13056K, reserved 1048576K
Event: 81.374 GC heap after
Heap after GC invocations=23 (full 4):
 PSYoungGen      total 301056K, used 81406K [0x00000000e0000000, 0x0000000100000000, 0x0000000100000000)
  eden space 219648K, 0% used [0x00000000e0000000,0x00000000e0000000,0x00000000ed680000)
  from space 81408K, 99% used [0x00000000ed680000,0x00000000f25ffac8,0x00000000f2600000)
  to   space 125952K, 0% used [0x00000000f8500000,0x00000000f8500000,0x0000000100000000)
 ParOldGen       total 287232K, used 286729K [0x00000000a0000000, 0x00000000b1880000, 0x00000000e0000000)
  object space 287232K, 99% used [0x00000000a0000000,0x00000000b1802758,0x00000000b1880000)
 Metaspace       used 94936K, capacity 97470K, committed 97792K, reserved 1134592K
  class space    used 12448K, capacity 13054K, committed 13056K, reserved 1048576K
}
Event: 81.374 GC heap before
{Heap before GC invocations=24 (full 5):
 PSYoungGen      total 301056K, used 81406K [0x00000000e0000000, 0x0000000100000000, 0x0000000100000000)
  eden space 219648K, 0% used [0x00000000e0000000,0x00000000e0000000,0x00000000ed680000)
  from space 81408K, 99% used [0x00000000ed680000,0x00000000f25ffac8,0x00000000f2600000)
  to   space 125952K, 0% used [0x00000000f8500000,0x00000000f8500000,0x0000000100000000)
 ParOldGen       total 287232K, used 286729K [0x00000000a0000000, 0x00000000b1880000, 0x00000000e0000000)
  object space 287232K, 99% used [0x00000000a0000000,0x00000000b1802758,0x00000000b1880000)
 Metaspace       used 94936K, capacity 97470K, committed 97792K, reserved 1134592K
  class space    used 12448K, capacity 13054K, committed 13056K, reserved 1048576K
Event: 82.566 GC heap after
Heap after GC invocations=24 (full 5):
 PSYoungGen      total 301056K, used 0K [0x00000000e0000000, 0x0000000100000000, 0x0000000100000000)
  eden space 219648K, 0% used [0x00000000e0000000,0x00000000e0000000,0x00000000ed680000)
  from space 81408K, 0% used [0x00000000ed680000,0x00000000ed680000,0x00000000f2600000)
  to   space 125952K, 0% used [0x00000000f8500000,0x00000000f8500000,0x0000000100000000)
 ParOldGen       total 469504K, used 250042K [0x00000000a0000000, 0x00000000bca80000, 0x00000000e0000000)
  object space 469504K, 53% used [0x00000000a0000000,0x00000000af42eac8,0x00000000bca80000)
 Metaspace       used 94936K, capacity 97470K, committed 97792K, reserved 1134592K
  class space    used 12448K, capacity 13054K, committed 13056K, reserved 1048576K
}
Event: 89.406 GC heap before
{Heap before GC invocations=25 (full 5):
 PSYoungGen      total 301056K, used 219648K [0x00000000e0000000, 0x0000000100000000, 0x0000000100000000)
  eden space 219648K, 100% used [0x00000000e0000000,0x00000000ed680000,0x00000000ed680000)
  from space 81408K, 0% used [0x00000000ed680000,0x00000000ed680000,0x00000000f2600000)
  to   space 125952K, 0% used [0x00000000f8500000,0x00000000f8500000,0x0000000100000000)
 ParOldGen       total 469504K, used 250042K [0x00000000a0000000, 0x00000000bca80000, 0x00000000e0000000)
  object space 469504K, 53% used [0x00000000a0000000,0x00000000af42eac8,0x00000000bca80000)
 Metaspace       used 97926K, capacity 100660K, committed 100736K, reserved 1136640K
  class space    used 12814K, capacity 13431K, committed 13440K, reserved 1048576K
Event: 89.443 GC heap after
Heap after GC invocations=25 (full 5):
 PSYoungGen      total 372736K, used 34026K [0x00000000e0000000, 0x00000000fed00000, 0x0000000100000000)
  eden space 266240K, 0% used [0x00000000e0000000,0x00000000e0000000,0x00000000f0400000)
  from space 106496K, 31% used [0x00000000f8500000,0x00000000fa63aad8,0x00000000fed00000)
  to   space 119296K, 0% used [0x00000000f0400000,0x00000000f0400000,0x00000000f7880000)
 ParOldGen       total 469504K, used 250050K [0x00000000a0000000, 0x00000000bca80000, 0x00000000e0000000)
  object space 469504K, 53% used [0x00000000a0000000,0x00000000af430ac8,0x00000000bca80000)
 Metaspace       used 97926K, capacity 100660K, committed 100736K, reserved 1136640K
  class space    used 12814K, capacity 13431K, committed 13440K, reserved 1048576K
}
Event: 91.312 GC heap before
{Heap before GC invocations=26 (full 5):
 PSYoungGen      total 372736K, used 300266K [0x00000000e0000000, 0x00000000fed00000, 0x0000000100000000)
  eden space 266240K, 100% used [0x00000000e0000000,0x00000000f0400000,0x00000000f0400000)
  from space 106496K, 31% used [0x00000000f8500000,0x00000000fa63aad8,0x00000000fed00000)
  to   space 119296K, 0% used [0x00000000f0400000,0x00000000f0400000,0x00000000f7880000)
 ParOldGen       total 469504K, used 250050K [0x00000000a0000000, 0x00000000bca80000, 0x00000000e0000000)
  object space 469504K, 53% used [0x00000000a0000000,0x00000000af430ac8,0x00000000bca80000)
 Metaspace       used 104653K, capacity 108114K, committed 108288K, reserved 1142784K
  class space    used 13761K, capacity 14514K, committed 14592K, reserved 1048576K
Event: 91.361 GC heap after
Heap after GC invocations=26 (full 5):
 PSYoungGen      total 385536K, used 14876K [0x00000000e0000000, 0x0000000100000000, 0x0000000100000000)
  eden space 266240K, 0% used [0x00000000e0000000,0x00000000e0000000,0x00000000f0400000)
  from space 119296K, 12% used [0x00000000f0400000,0x00000000f12873a8,0x00000000f7880000)
  to   space 116224K, 0% used [0x00000000f8e80000,0x00000000f8e80000,0x0000000100000000)
 ParOldGen       total 469504K, used 280076K [0x00000000a0000000, 0x00000000bca80000, 0x00000000e0000000)
  object space 469504K, 59% used [0x00000000a0000000,0x00000000b1183000,0x00000000bca80000)
 Metaspace       used 104653K, capacity 108114K, committed 108288K, reserved 1142784K
  class space    used 13761K, capacity 14514K, committed 14592K, reserved 1048576K
}
Event: 92.433 GC heap before
{Heap before GC invocations=27 (full 5):
 PSYoungGen      total 385536K, used 281116K [0x00000000e0000000, 0x0000000100000000, 0x0000000100000000)
  eden space 266240K, 100% used [0x00000000e0000000,0x00000000f0400000,0x00000000f0400000)
  from space 119296K, 12% used [0x00000000f0400000,0x00000000f12873a8,0x00000000f7880000)
  to   space 116224K, 0% used [0x00000000f8e80000,0x00000000f8e80000,0x0000000100000000)
 ParOldGen       total 469504K, used 280076K [0x00000000a0000000, 0x00000000bca80000, 0x00000000e0000000)
  object space 469504K, 59% used [0x00000000a0000000,0x00000000b1183000,0x00000000bca80000)
 Metaspace       used 104858K, capacity 108392K, committed 108544K, reserved 1142784K
  class space    used 13770K, capacity 14551K, committed 14592K, reserved 1048576K
Event: 92.457 GC heap after
Heap after GC invocations=27 (full 5):
 PSYoungGen      total 396800K, used 7395K [0x00000000e0000000, 0x00000000ff800000, 0x0000000100000000)
  eden space 288768K, 0% used [0x00000000e0000000,0x00000000e0000000,0x00000000f1a00000)
  from space 108032K, 6% used [0x00000000f8e80000,0x00000000f95b8ec0,0x00000000ff800000)
  to   space 113664K, 0% used [0x00000000f1a00000,0x00000000f1a00000,0x00000000f8900000)
 ParOldGen       total 469504K, used 288936K [0x00000000a0000000, 0x00000000bca80000, 0x00000000e0000000)
  object space 469504K, 61% used [0x00000000a0000000,0x00000000b1a2a1e0,0x00000000bca80000)
 Metaspace       used 104858K, capacity 108392K, committed 108544K, reserved 1142784K
  class space    used 13770K, capacity 14551K, committed 14592K, reserved 1048576K
}

